{"contracts\\WhoIsTheRichest.sol":{"l":{"18":7,"19":7,"23":1,"25":1,"26":1,"27":2,"28":1,"29":1,"30":1,"31":1,"32":1,"36":1,"40":1,"44":1},"path":"D:\\Dev Projects\\hardhat-who-is-the-richest\\contracts\\WhoIsTheRichest.sol","s":{"1":7,"2":7,"3":1,"4":1,"5":1,"6":2,"7":1,"8":1,"9":1,"10":1},"b":{"1":[1,1],"2":[0,1]},"f":{"1":7,"2":1,"3":1,"4":1},"fnMap":{"1":{"name":"registerUser","line":17,"loc":{"start":{"line":17,"column":4},"end":{"line":20,"column":4}}},"2":{"name":"updateUser","line":22,"loc":{"start":{"line":22,"column":4},"end":{"line":37,"column":4}}},"3":{"name":"getAllUsers","line":39,"loc":{"start":{"line":39,"column":4},"end":{"line":41,"column":4}}},"4":{"name":"getUsersCount","line":43,"loc":{"start":{"line":43,"column":4},"end":{"line":45,"column":4}}}},"statementMap":{"1":{"start":{"line":18,"column":8},"end":{"line":18,"column":52}},"2":{"start":{"line":19,"column":8},"end":{"line":19,"column":39}},"3":{"start":{"line":23,"column":8},"end":{"line":23,"column":28}},"4":{"start":{"line":25,"column":8},"end":{"line":25,"column":42}},"5":{"start":{"line":26,"column":8},"end":{"line":26,"column":808}},"6":{"start":{"line":27,"column":12},"end":{"line":27,"column":877}},"7":{"start":{"line":31,"column":16},"end":{"line":31,"column":45}},"8":{"start":{"line":36,"column":8},"end":{"line":36,"column":43}},"9":{"start":{"line":40,"column":8},"end":{"line":40,"column":22}},"10":{"start":{"line":44,"column":8},"end":{"line":44,"column":27}}},"branchMap":{"1":{"line":27,"type":"if","locations":[{"start":{"line":27,"column":12},"end":{"line":27,"column":12}},{"start":{"line":27,"column":12},"end":{"line":27,"column":12}}]},"2":{"line":36,"type":"if","locations":[{"start":{"line":36,"column":8},"end":{"line":36,"column":8}},{"start":{"line":36,"column":8},"end":{"line":36,"column":8}}]}}}}